<?xml version="1.0" encoding="UTF-8"?>
<!-- Generated by org.testng.reporters.JUnitXMLReporter -->
<testsuite hostname="Dattatray369-PC" name="Default test" tests="4" failures="0" timestamp="15 Sep 2014 19:47:53 GMT" time="628.214" errors="0">
  <testcase name="Change_Platform" time="29.013" classname="skyscape.Shopping_cart"/>
  <testcase name="Checkout" time="15.372" classname="skyscape.Shopping_cart"/>
  <testcase name="Remove_resource_from_cart" time="5.399" classname="skyscape.Shopping_cart"/>
  <testcase name="Update_Cart" time="5.702" classname="skyscape.Shopping_cart"/>
</testsuite> <!-- Default test -->
